2023-04-03 00:19:28,831 INFO org.springframework.boot.StartupInfoLogger [main] Starting SimpleWebApplicationTests using Java 1.8.0_301 on DESKTOP-VJVUEQK with PID 13756 (started by Ridlwan in D:\workspace\simple-web)
2023-04-03 00:19:28,833 DEBUG org.springframework.boot.StartupInfoLogger [main] Running with Spring Boot v2.7.9, Spring v5.3.25
2023-04-03 00:19:28,835 INFO org.springframework.boot.SpringApplication [main] No active profile set, falling back to 1 default profile: "default"
2023-04-03 00:19:30,165 INFO org.springframework.boot.autoconfigure.web.servlet.WelcomePageHandlerMapping [main] Adding welcome page template: index
2023-04-03 00:19:30,522 INFO org.springframework.boot.StartupInfoLogger [main] Started SimpleWebApplicationTests in 2.102 seconds (JVM running for 3.132)
2023-04-03 00:19:44,343 INFO org.springframework.boot.StartupInfoLogger [restartedMain] Starting SimpleWebApplication using Java 1.8.0_301 on DESKTOP-VJVUEQK with PID 7708 (D:\workspace\simple-web\target\classes started by Ridlwan in D:\workspace\simple-web)
2023-04-03 00:19:44,344 DEBUG org.springframework.boot.StartupInfoLogger [restartedMain] Running with Spring Boot v2.7.9, Spring v5.3.25
2023-04-03 00:19:44,344 INFO org.springframework.boot.SpringApplication [restartedMain] No active profile set, falling back to 1 default profile: "default"
2023-04-03 00:19:44,402 INFO org.springframework.boot.logging.DeferredLog [restartedMain] Devtools property defaults active! Set 'spring.devtools.add-properties' to 'false' to disable
2023-04-03 00:19:44,402 INFO org.springframework.boot.logging.DeferredLog [restartedMain] For additional web related logging consider setting the 'logging.level.web' property to 'DEBUG'
2023-04-03 00:19:45,674 INFO org.springframework.boot.web.embedded.tomcat.TomcatWebServer [restartedMain] Tomcat initialized with port(s): 8080 (http)
2023-04-03 00:19:45,686 INFO org.apache.juli.logging.DirectJDKLog [restartedMain] Initializing ProtocolHandler ["http-nio-8080"]
2023-04-03 00:19:45,687 INFO org.apache.juli.logging.DirectJDKLog [restartedMain] Starting service [Tomcat]
2023-04-03 00:19:45,687 INFO org.apache.juli.logging.DirectJDKLog [restartedMain] Starting Servlet engine: [Apache Tomcat/9.0.71]
2023-04-03 00:19:45,748 INFO org.apache.juli.logging.DirectJDKLog [restartedMain] Initializing Spring embedded WebApplicationContext
2023-04-03 00:19:45,748 INFO org.springframework.boot.web.servlet.context.ServletWebServerApplicationContext [restartedMain] Root WebApplicationContext: initialization completed in 1345 ms
2023-04-03 00:19:46,057 INFO org.springframework.boot.autoconfigure.web.servlet.WelcomePageHandlerMapping [restartedMain] Adding welcome page template: index
2023-04-03 00:19:46,229 INFO org.springframework.boot.devtools.autoconfigure.OptionalLiveReloadServer [restartedMain] LiveReload server is running on port 35729
2023-04-03 00:19:46,242 INFO org.apache.juli.logging.DirectJDKLog [restartedMain] Starting ProtocolHandler ["http-nio-8080"]
2023-04-03 00:19:46,260 INFO org.springframework.boot.web.embedded.tomcat.TomcatWebServer [restartedMain] Tomcat started on port(s): 8080 (http) with context path ''
2023-04-03 00:19:46,329 INFO org.springframework.boot.StartupInfoLogger [restartedMain] Started SimpleWebApplication in 2.431 seconds (JVM running for 2.935)
2023-04-03 00:19:53,028 INFO org.apache.juli.logging.DirectJDKLog [http-nio-8080-exec-2] Initializing Spring DispatcherServlet 'dispatcherServlet'
2023-04-03 00:19:53,028 INFO org.springframework.web.servlet.FrameworkServlet [http-nio-8080-exec-2] Initializing Servlet 'dispatcherServlet'
2023-04-03 00:19:53,029 INFO org.springframework.web.servlet.FrameworkServlet [http-nio-8080-exec-2] Completed initialization in 1 ms
2023-04-03 00:19:53,073 ERROR com.example.simpleweb.controller.LogController [http-nio-8080-exec-2] hei
2023-04-03 00:23:43,101 ERROR com.example.simpleweb.controller.LogController [http-nio-8080-exec-4] sheila
